<?xml version="1.0" encoding="UTF-8" ?>
<testsuite failures="0" time="0.055" errors="1" skipped="0" tests="9" name="com.pl.tests.EmployeeTest">
  <properties>
    <property name="java.runtime.name" value="Java(TM) SE Runtime Environment"/>
    <property name="sun.boot.library.path" value="/opt/devel/jdk1.6.0_27/jre/lib/i386"/>
    <property name="java.vm.version" value="20.2-b06"/>
    <property name="java.vm.vendor" value="Sun Microsystems Inc."/>
    <property name="java.vendor.url" value="http://java.sun.com/"/>
    <property name="path.separator" value=":"/>
    <property name="java.vm.name" value="Java HotSpot(TM) Client VM"/>
    <property name="file.encoding.pkg" value="sun.io"/>
    <property name="user.country" value="PL"/>
    <property name="sun.java.launcher" value="SUN_STANDARD"/>
    <property name="sun.os.patch.level" value="unknown"/>
    <property name="java.vm.specification.name" value="Java Virtual Machine Specification"/>
    <property name="user.dir" value="/home/student/git/KsiegarniaMaven/KsiegarniaMaven"/>
    <property name="java.runtime.version" value="1.6.0_27-b07"/>
    <property name="java.awt.graphicsenv" value="sun.awt.X11GraphicsEnvironment"/>
    <property name="basedir" value="/home/student/git/KsiegarniaMaven/KsiegarniaMaven"/>
    <property name="java.endorsed.dirs" value="/opt/devel/jdk1.6.0_27/jre/lib/endorsed"/>
    <property name="os.arch" value="i386"/>
    <property name="surefire.real.class.path" value="/home/student/git/KsiegarniaMaven/KsiegarniaMaven/target/surefire/surefirebooter2687890828393564258.jar"/>
    <property name="java.io.tmpdir" value="/tmp"/>
    <property name="line.separator" value="
"/>
    <property name="java.vm.specification.vendor" value="Sun Microsystems Inc."/>
    <property name="os.name" value="Linux"/>
    <property name="sun.jnu.encoding" value="UTF-8"/>
    <property name="java.library.path" value="/opt/devel/jdk1.6.0_27/jre/lib/i386/client:/opt/devel/jdk1.6.0_27/jre/lib/i386:/opt/devel/jdk1.6.0_27/jre/../lib/i386:/opt/devel/jdk1.6.0_27/jre/lib/i386/client:/opt/devel/jdk1.6.0_27/jre/lib/i386::/usr/java/packages/lib/i386:/lib:/usr/lib"/>
    <property name="surefire.test.class.path" value="/home/student/git/KsiegarniaMaven/KsiegarniaMaven/target/test-classes:/home/student/git/KsiegarniaMaven/KsiegarniaMaven/target/classes:/opt/devel/maven_repo/junit/junit/4.10/junit-4.10.jar:/opt/devel/maven_repo/org/hamcrest/hamcrest-core/1.1/hamcrest-core-1.1.jar:/opt/devel/maven_repo/log4j/log4j/1.2.16/log4j-1.2.16.jar:/opt/devel/maven_repo/org/hsqldb/hsqldb/2.2.4/hsqldb-2.2.4.jar:"/>
    <property name="java.specification.name" value="Java Platform API Specification"/>
    <property name="java.class.version" value="50.0"/>
    <property name="sun.management.compiler" value="HotSpot Client Compiler"/>
    <property name="os.version" value="2.6.38-11-generic"/>
    <property name="user.home" value="/home/student"/>
    <property name="user.timezone" value=""/>
    <property name="java.awt.printerjob" value="sun.print.PSPrinterJob"/>
    <property name="file.encoding" value="UTF-8"/>
    <property name="java.specification.version" value="1.6"/>
    <property name="user.name" value="student"/>
    <property name="java.class.path" value="/home/student/git/KsiegarniaMaven/KsiegarniaMaven/target/test-classes:/home/student/git/KsiegarniaMaven/KsiegarniaMaven/target/classes:/opt/devel/maven_repo/junit/junit/4.10/junit-4.10.jar:/opt/devel/maven_repo/org/hamcrest/hamcrest-core/1.1/hamcrest-core-1.1.jar:/opt/devel/maven_repo/log4j/log4j/1.2.16/log4j-1.2.16.jar:/opt/devel/maven_repo/org/hsqldb/hsqldb/2.2.4/hsqldb-2.2.4.jar:"/>
    <property name="java.vm.specification.version" value="1.0"/>
    <property name="sun.arch.data.model" value="32"/>
    <property name="java.home" value="/opt/devel/jdk1.6.0_27/jre"/>
    <property name="sun.java.command" value="/home/student/git/KsiegarniaMaven/KsiegarniaMaven/target/surefire/surefirebooter2687890828393564258.jar /home/student/git/KsiegarniaMaven/KsiegarniaMaven/target/surefire/surefire4267800505927948489tmp /home/student/git/KsiegarniaMaven/KsiegarniaMaven/target/surefire/surefire1123978020393380889tmp"/>
    <property name="java.specification.vendor" value="Sun Microsystems Inc."/>
    <property name="user.language" value="pl"/>
    <property name="java.vm.info" value="mixed mode, sharing"/>
    <property name="java.version" value="1.6.0_27"/>
    <property name="java.ext.dirs" value="/opt/devel/jdk1.6.0_27/jre/lib/ext:/usr/java/packages/lib/ext"/>
    <property name="sun.boot.class.path" value="/opt/devel/jdk1.6.0_27/jre/lib/resources.jar:/opt/devel/jdk1.6.0_27/jre/lib/rt.jar:/opt/devel/jdk1.6.0_27/jre/lib/sunrsasign.jar:/opt/devel/jdk1.6.0_27/jre/lib/jsse.jar:/opt/devel/jdk1.6.0_27/jre/lib/jce.jar:/opt/devel/jdk1.6.0_27/jre/lib/charsets.jar:/opt/devel/jdk1.6.0_27/jre/lib/modules/jdk.boot.jar:/opt/devel/jdk1.6.0_27/jre/classes"/>
    <property name="java.vendor" value="Sun Microsystems Inc."/>
    <property name="localRepository" value="/opt/devel/maven_repo"/>
    <property name="file.separator" value="/"/>
    <property name="java.vendor.url.bug" value="http://java.sun.com/cgi-bin/bugreport.cgi"/>
    <property name="sun.cpu.endian" value="little"/>
    <property name="sun.io.unicode.encoding" value="UnicodeLittle"/>
    <property name="sun.cpu.isalist" value=""/>
  </properties>
  <testcase time="0.002" classname="com.pl.tests.EmployeeTest" name="testEmployee"/>
  <testcase time="0" classname="com.pl.tests.EmployeeTest" name="testAddCustomer"/>
  <testcase time="0" classname="com.pl.tests.EmployeeTest" name="testRemoveCustomer"/>
  <testcase time="0.001" classname="com.pl.tests.EmployeeTest" name="testIsCustomer"/>
  <testcase time="0" classname="com.pl.tests.EmployeeTest" name="testFindAllCustomersByName"/>
  <testcase time="0" classname="com.pl.tests.EmployeeTest" name="testFindAllCustomersBySurname"/>
  <testcase time="0" classname="com.pl.tests.EmployeeTest" name="testRenameAllCustomersByName"/>
  <testcase time="0" classname="com.pl.tests.EmployeeTest" name="testRenameAllCustomersBySurname"/>
  <testcase time="0.002" classname="com.pl.tests.EmployeeTest" name="testRemoveAllCustomersByList">
    <error type="java.util.ConcurrentModificationException">java.util.ConcurrentModificationException
	at java.util.AbstractList$Itr.checkForComodification(AbstractList.java:372)
	at java.util.AbstractList$Itr.next(AbstractList.java:343)
	at com.pl.biblioteka.Employee.removeAllCustomersByList(Employee.java:76)
	at com.pl.tests.EmployeeTest.testRemoveAllCustomersByList(EmployeeTest.java:82)
	at sun.reflect.NativeMethodAccessorImpl.invoke0(Native Method)
	at sun.reflect.NativeMethodAccessorImpl.invoke(NativeMethodAccessorImpl.java:39)
	at sun.reflect.DelegatingMethodAccessorImpl.invoke(DelegatingMethodAccessorImpl.java:25)
	at java.lang.reflect.Method.invoke(Method.java:597)
	at org.junit.runners.model.FrameworkMethod$1.runReflectiveCall(FrameworkMethod.java:45)
	at org.junit.internal.runners.model.ReflectiveCallable.run(ReflectiveCallable.java:15)
	at org.junit.runners.model.FrameworkMethod.invokeExplosively(FrameworkMethod.java:42)
	at org.junit.internal.runners.statements.InvokeMethod.evaluate(InvokeMethod.java:20)
	at org.junit.internal.runners.statements.RunBefores.evaluate(RunBefores.java:28)
	at org.junit.internal.runners.statements.RunAfters.evaluate(RunAfters.java:30)
	at org.junit.runners.ParentRunner.runLeaf(ParentRunner.java:263)
	at org.junit.runners.BlockJUnit4ClassRunner.runChild(BlockJUnit4ClassRunner.java:68)
	at org.junit.runners.BlockJUnit4ClassRunner.runChild(BlockJUnit4ClassRunner.java:47)
	at org.junit.runners.ParentRunner$3.run(ParentRunner.java:231)
	at org.junit.runners.ParentRunner$1.schedule(ParentRunner.java:60)
	at org.junit.runners.ParentRunner.runChildren(ParentRunner.java:229)
	at org.junit.runners.ParentRunner.access$000(ParentRunner.java:50)
	at org.junit.runners.ParentRunner$2.evaluate(ParentRunner.java:222)
	at org.junit.runners.ParentRunner.run(ParentRunner.java:300)
	at org.apache.maven.surefire.junit4.JUnit4TestSet.execute(JUnit4TestSet.java:35)
	at org.apache.maven.surefire.junit4.JUnit4Provider.executeTestSet(JUnit4Provider.java:115)
	at org.apache.maven.surefire.junit4.JUnit4Provider.invoke(JUnit4Provider.java:97)
	at sun.reflect.NativeMethodAccessorImpl.invoke0(Native Method)
	at sun.reflect.NativeMethodAccessorImpl.invoke(NativeMethodAccessorImpl.java:39)
	at sun.reflect.DelegatingMethodAccessorImpl.invoke(DelegatingMethodAccessorImpl.java:25)
	at java.lang.reflect.Method.invoke(Method.java:597)
	at org.apache.maven.surefire.booter.ProviderFactory$ClassLoaderProxy.invoke(ProviderFactory.java:103)
	at $Proxy0.invoke(Unknown Source)
	at org.apache.maven.surefire.booter.SurefireStarter.invokeProvider(SurefireStarter.java:150)
	at org.apache.maven.surefire.booter.SurefireStarter.runSuitesInProcess(SurefireStarter.java:91)
	at org.apache.maven.surefire.booter.ForkedBooter.main(ForkedBooter.java:69)
</error>
  </testcase>
</testsuite>